2014-07-09 08:42:14.828 [main] WARN  org.hibernate.id.UUIDHexGenerator - HHH000409: Using org.hibernate.id.UUIDHexGenerator which does not generate IETF RFC 4122 compliant UUID values; consider using org.hibernate.id.UUIDGenerator instead
2014-07-09 08:42:15.704 [main] WARN  o.a.shiro.web.config.IniFilterChainResolverFactory - The [filters] section has been deprecated and will be removed in a future release!  Please move all object configuration (filters and all other objects) to the [main] section.
2014-07-09 08:43:54.115 [main] WARN  org.hibernate.id.UUIDHexGenerator - HHH000409: Using org.hibernate.id.UUIDHexGenerator which does not generate IETF RFC 4122 compliant UUID values; consider using org.hibernate.id.UUIDGenerator instead
2014-07-09 08:43:55.068 [main] WARN  o.a.shiro.web.config.IniFilterChainResolverFactory - The [filters] section has been deprecated and will be removed in a future release!  Please move all object configuration (filters and all other objects) to the [main] section.
2014-07-09 08:46:04.024 [main] WARN  org.hibernate.id.UUIDHexGenerator - HHH000409: Using org.hibernate.id.UUIDHexGenerator which does not generate IETF RFC 4122 compliant UUID values; consider using org.hibernate.id.UUIDGenerator instead
2014-07-09 08:46:04.822 [main] WARN  o.a.shiro.web.config.IniFilterChainResolverFactory - The [filters] section has been deprecated and will be removed in a future release!  Please move all object configuration (filters and all other objects) to the [main] section.
2014-07-09 08:47:10.551 [main] WARN  org.hibernate.id.UUIDHexGenerator - HHH000409: Using org.hibernate.id.UUIDHexGenerator which does not generate IETF RFC 4122 compliant UUID values; consider using org.hibernate.id.UUIDGenerator instead
2014-07-09 08:47:11.473 [main] WARN  o.a.shiro.web.config.IniFilterChainResolverFactory - The [filters] section has been deprecated and will be removed in a future release!  Please move all object configuration (filters and all other objects) to the [main] section.
2014-07-09 08:50:32.642 [main] WARN  org.hibernate.id.UUIDHexGenerator - HHH000409: Using org.hibernate.id.UUIDHexGenerator which does not generate IETF RFC 4122 compliant UUID values; consider using org.hibernate.id.UUIDGenerator instead
2014-07-09 08:50:33.455 [main] WARN  o.a.shiro.web.config.IniFilterChainResolverFactory - The [filters] section has been deprecated and will be removed in a future release!  Please move all object configuration (filters and all other objects) to the [main] section.
2014-07-09 08:52:15.287 [main] WARN  org.hibernate.id.UUIDHexGenerator - HHH000409: Using org.hibernate.id.UUIDHexGenerator which does not generate IETF RFC 4122 compliant UUID values; consider using org.hibernate.id.UUIDGenerator instead
2014-07-09 08:52:16.147 [main] WARN  o.a.shiro.web.config.IniFilterChainResolverFactory - The [filters] section has been deprecated and will be removed in a future release!  Please move all object configuration (filters and all other objects) to the [main] section.
2014-07-09 08:52:59.008 [main] WARN  org.hibernate.id.UUIDHexGenerator - HHH000409: Using org.hibernate.id.UUIDHexGenerator which does not generate IETF RFC 4122 compliant UUID values; consider using org.hibernate.id.UUIDGenerator instead
2014-07-09 08:52:59.931 [main] WARN  o.a.shiro.web.config.IniFilterChainResolverFactory - The [filters] section has been deprecated and will be removed in a future release!  Please move all object configuration (filters and all other objects) to the [main] section.
2014-07-09 08:54:32.730 [ContainerBackgroundProcessor[StandardEngine[Catalina]]] WARN  org.hibernate.id.UUIDHexGenerator - HHH000409: Using org.hibernate.id.UUIDHexGenerator which does not generate IETF RFC 4122 compliant UUID values; consider using org.hibernate.id.UUIDGenerator instead
2014-07-09 08:54:33.855 [ContainerBackgroundProcessor[StandardEngine[Catalina]]] WARN  o.a.shiro.web.config.IniFilterChainResolverFactory - The [filters] section has been deprecated and will be removed in a future release!  Please move all object configuration (filters and all other objects) to the [main] section.
2014-07-09 08:55:18.495 [main] WARN  org.hibernate.id.UUIDHexGenerator - HHH000409: Using org.hibernate.id.UUIDHexGenerator which does not generate IETF RFC 4122 compliant UUID values; consider using org.hibernate.id.UUIDGenerator instead
2014-07-09 08:55:19.324 [main] WARN  o.a.shiro.web.config.IniFilterChainResolverFactory - The [filters] section has been deprecated and will be removed in a future release!  Please move all object configuration (filters and all other objects) to the [main] section.
2014-07-09 08:55:26.894 [http-8080-5] WARN  org.hibernate.engine.jdbc.spi.SqlExceptionHelper - SQL Error: 208, SQLState: S0002
2014-07-09 08:55:26.894 [http-8080-5] ERROR org.hibernate.engine.jdbc.spi.SqlExceptionHelper - 对象名 'MC_USERSYSMSG_T' 无效。
2014-07-09 08:55:26.910 [http-8080-8] WARN  org.hibernate.engine.jdbc.spi.SqlExceptionHelper - SQL Error: 208, SQLState: S0002
2014-07-09 08:55:26.925 [http-8080-8] ERROR org.hibernate.engine.jdbc.spi.SqlExceptionHelper - 对象名 'MC_USERSYSMSG_T' 无效。
2014-07-09 08:55:28.252 [http-8080-1] WARN  org.hibernate.engine.jdbc.spi.SqlExceptionHelper - SQL Error: 208, SQLState: S0002
2014-07-09 08:55:28.252 [http-8080-1] ERROR org.hibernate.engine.jdbc.spi.SqlExceptionHelper - 对象名 'vacation_user_record' 无效。
2014-07-09 08:55:58.237 [http-8080-7] WARN  org.hibernate.engine.jdbc.spi.SqlExceptionHelper - SQL Error: 208, SQLState: S0002
2014-07-09 08:55:58.237 [http-8080-7] ERROR org.hibernate.engine.jdbc.spi.SqlExceptionHelper - 对象名 'MC_USERSYSMSG_T' 无效。
2014-07-09 08:55:58.268 [http-8080-7] WARN  org.hibernate.engine.jdbc.spi.SqlExceptionHelper - SQL Error: 208, SQLState: S0002
2014-07-09 08:55:58.269 [http-8080-7] ERROR org.hibernate.engine.jdbc.spi.SqlExceptionHelper - 对象名 'MC_USERSYSMSG_T' 无效。
2014-07-09 09:00:10.666 [ContainerBackgroundProcessor[StandardEngine[Catalina]]] WARN  org.hibernate.id.UUIDHexGenerator - HHH000409: Using org.hibernate.id.UUIDHexGenerator which does not generate IETF RFC 4122 compliant UUID values; consider using org.hibernate.id.UUIDGenerator instead
2014-07-09 09:00:11.604 [ContainerBackgroundProcessor[StandardEngine[Catalina]]] WARN  o.a.shiro.web.config.IniFilterChainResolverFactory - The [filters] section has been deprecated and will be removed in a future release!  Please move all object configuration (filters and all other objects) to the [main] section.
2014-07-09 09:00:55.651 [main] WARN  org.hibernate.id.UUIDHexGenerator - HHH000409: Using org.hibernate.id.UUIDHexGenerator which does not generate IETF RFC 4122 compliant UUID values; consider using org.hibernate.id.UUIDGenerator instead
2014-07-09 09:00:56.464 [main] WARN  o.a.shiro.web.config.IniFilterChainResolverFactory - The [filters] section has been deprecated and will be removed in a future release!  Please move all object configuration (filters and all other objects) to the [main] section.
2014-07-09 09:01:30.133 [http-8080-3] WARN  org.hibernate.engine.jdbc.spi.SqlExceptionHelper - SQL Error: 208, SQLState: S0002
2014-07-09 09:01:30.133 [http-8080-3] ERROR org.hibernate.engine.jdbc.spi.SqlExceptionHelper - 对象名 'MC_USERSYSMSG_T' 无效。
2014-07-09 09:01:30.148 [http-8080-7] WARN  org.hibernate.engine.jdbc.spi.SqlExceptionHelper - SQL Error: 208, SQLState: S0002
2014-07-09 09:01:30.148 [http-8080-7] ERROR org.hibernate.engine.jdbc.spi.SqlExceptionHelper - 对象名 'MC_USERSYSMSG_T' 无效。
2014-07-09 09:01:31.226 [http-8080-1] WARN  org.hibernate.engine.jdbc.spi.SqlExceptionHelper - SQL Error: 208, SQLState: S0002
2014-07-09 09:01:31.226 [http-8080-1] ERROR org.hibernate.engine.jdbc.spi.SqlExceptionHelper - 对象名 'vacation_user_record' 无效。
2014-07-09 09:02:01.227 [http-8080-8] WARN  org.hibernate.engine.jdbc.spi.SqlExceptionHelper - SQL Error: 208, SQLState: S0002
2014-07-09 09:02:01.227 [http-8080-8] ERROR org.hibernate.engine.jdbc.spi.SqlExceptionHelper - 对象名 'MC_USERSYSMSG_T' 无效。
2014-07-09 09:02:01.242 [http-8080-8] WARN  org.hibernate.engine.jdbc.spi.SqlExceptionHelper - SQL Error: 208, SQLState: S0002
2014-07-09 09:02:01.242 [http-8080-8] ERROR org.hibernate.engine.jdbc.spi.SqlExceptionHelper - 对象名 'MC_USERSYSMSG_T' 无效。
2014-07-09 09:02:37.998 [http-8080-8] WARN  org.hibernate.engine.jdbc.spi.SqlExceptionHelper - SQL Error: 208, SQLState: S0002
2014-07-09 09:02:37.998 [http-8080-8] ERROR org.hibernate.engine.jdbc.spi.SqlExceptionHelper - 对象名 'MC_USERSYSMSG_T' 无效。
2014-07-09 09:02:38.013 [http-8080-8] WARN  org.hibernate.engine.jdbc.spi.SqlExceptionHelper - SQL Error: 208, SQLState: S0002
2014-07-09 09:02:38.013 [http-8080-8] ERROR org.hibernate.engine.jdbc.spi.SqlExceptionHelper - 对象名 'MC_USERSYSMSG_T' 无效。
2014-07-09 09:02:57.784 [main] WARN  org.hibernate.id.UUIDHexGenerator - HHH000409: Using org.hibernate.id.UUIDHexGenerator which does not generate IETF RFC 4122 compliant UUID values; consider using org.hibernate.id.UUIDGenerator instead
2014-07-09 09:02:58.706 [main] WARN  o.a.shiro.web.config.IniFilterChainResolverFactory - The [filters] section has been deprecated and will be removed in a future release!  Please move all object configuration (filters and all other objects) to the [main] section.
2014-07-09 09:04:11.017 [http-8080-6] WARN  org.hibernate.engine.jdbc.spi.SqlExceptionHelper - SQL Error: 208, SQLState: S0002
2014-07-09 09:04:11.017 [http-8080-6] ERROR org.hibernate.engine.jdbc.spi.SqlExceptionHelper - 对象名 'MC_USERSYSMSG_T' 无效。
2014-07-09 09:04:11.033 [http-8080-8] WARN  org.hibernate.engine.jdbc.spi.SqlExceptionHelper - SQL Error: 208, SQLState: S0002
2014-07-09 09:04:11.033 [http-8080-8] ERROR org.hibernate.engine.jdbc.spi.SqlExceptionHelper - 对象名 'MC_USERSYSMSG_T' 无效。
2014-07-09 09:04:29.925 [http-8080-6] WARN  org.hibernate.engine.jdbc.spi.SqlExceptionHelper - SQL Error: 208, SQLState: S0002
2014-07-09 09:04:29.925 [http-8080-6] ERROR org.hibernate.engine.jdbc.spi.SqlExceptionHelper - 对象名 'vacation_user_record' 无效。
2014-07-09 09:04:55.092 [http-8080-7] WARN  org.hibernate.engine.jdbc.spi.SqlExceptionHelper - SQL Error: 208, SQLState: S0002
2014-07-09 09:04:55.092 [http-8080-7] ERROR org.hibernate.engine.jdbc.spi.SqlExceptionHelper - 对象名 'MC_USERSYSMSG_T' 无效。
2014-07-09 09:04:55.108 [http-8080-6] WARN  org.hibernate.engine.jdbc.spi.SqlExceptionHelper - SQL Error: 208, SQLState: S0002
2014-07-09 09:04:55.108 [http-8080-6] ERROR org.hibernate.engine.jdbc.spi.SqlExceptionHelper - 对象名 'MC_USERSYSMSG_T' 无效。
2014-07-09 09:04:58.229 [http-8080-7] WARN  org.hibernate.engine.jdbc.spi.SqlExceptionHelper - SQL Error: 208, SQLState: S0002
2014-07-09 09:04:58.229 [http-8080-7] ERROR org.hibernate.engine.jdbc.spi.SqlExceptionHelper - 对象名 'vacation_user_record' 无效。
2014-07-09 09:05:28.231 [http-8080-10] WARN  org.hibernate.engine.jdbc.spi.SqlExceptionHelper - SQL Error: 208, SQLState: S0002
2014-07-09 09:05:28.231 [http-8080-10] ERROR org.hibernate.engine.jdbc.spi.SqlExceptionHelper - 对象名 'MC_USERSYSMSG_T' 无效。
2014-07-09 09:05:28.262 [http-8080-4] WARN  org.hibernate.engine.jdbc.spi.SqlExceptionHelper - SQL Error: 208, SQLState: S0002
2014-07-09 09:05:28.262 [http-8080-4] ERROR org.hibernate.engine.jdbc.spi.SqlExceptionHelper - 对象名 'MC_USERSYSMSG_T' 无效。
2014-07-09 09:05:59.823 [http-8080-1] WARN  org.hibernate.engine.jdbc.spi.SqlExceptionHelper - SQL Error: 208, SQLState: S0002
2014-07-09 09:05:59.823 [http-8080-1] ERROR org.hibernate.engine.jdbc.spi.SqlExceptionHelper - 对象名 'MC_USERSYSMSG_T' 无效。
2014-07-09 09:05:59.838 [http-8080-1] WARN  org.hibernate.engine.jdbc.spi.SqlExceptionHelper - SQL Error: 208, SQLState: S0002
2014-07-09 09:05:59.838 [http-8080-1] ERROR org.hibernate.engine.jdbc.spi.SqlExceptionHelper - 对象名 'MC_USERSYSMSG_T' 无效。
2014-07-09 09:08:30.755 [http-8080-1] WARN  org.hibernate.engine.jdbc.spi.SqlExceptionHelper - SQL Error: 208, SQLState: S0002
2014-07-09 09:08:30.755 [http-8080-1] ERROR org.hibernate.engine.jdbc.spi.SqlExceptionHelper - 对象名 'MC_USERSYSMSG_T' 无效。
2014-07-09 09:08:30.771 [http-8080-2] WARN  org.hibernate.engine.jdbc.spi.SqlExceptionHelper - SQL Error: 208, SQLState: S0002
2014-07-09 09:08:30.771 [http-8080-2] ERROR org.hibernate.engine.jdbc.spi.SqlExceptionHelper - 对象名 'MC_USERSYSMSG_T' 无效。
2014-07-09 09:09:03.086 [http-8080-1] WARN  org.hibernate.engine.jdbc.spi.SqlExceptionHelper - SQL Error: 208, SQLState: S0002
2014-07-09 09:09:03.086 [http-8080-1] ERROR org.hibernate.engine.jdbc.spi.SqlExceptionHelper - 对象名 'MC_USERSYSMSG_T' 无效。
2014-07-09 09:09:03.133 [http-8080-1] WARN  org.hibernate.engine.jdbc.spi.SqlExceptionHelper - SQL Error: 208, SQLState: S0002
2014-07-09 09:09:03.133 [http-8080-1] ERROR org.hibernate.engine.jdbc.spi.SqlExceptionHelper - 对象名 'MC_USERSYSMSG_T' 无效。
2014-07-09 09:09:53.991 [http-8080-1] WARN  org.hibernate.engine.jdbc.spi.SqlExceptionHelper - SQL Error: 208, SQLState: S0002
2014-07-09 09:09:53.991 [http-8080-1] ERROR org.hibernate.engine.jdbc.spi.SqlExceptionHelper - 对象名 'MC_USERSYSMSG_T' 无效。
2014-07-09 09:09:54.006 [http-8080-1] WARN  org.hibernate.engine.jdbc.spi.SqlExceptionHelper - SQL Error: 208, SQLState: S0002
2014-07-09 09:09:54.006 [http-8080-1] ERROR org.hibernate.engine.jdbc.spi.SqlExceptionHelper - 对象名 'MC_USERSYSMSG_T' 无效。
2014-07-09 09:14:40.113 [http-8080-1] WARN  org.hibernate.engine.jdbc.spi.SqlExceptionHelper - SQL Error: 208, SQLState: S0002
2014-07-09 09:14:40.113 [http-8080-1] ERROR org.hibernate.engine.jdbc.spi.SqlExceptionHelper - 对象名 'vacation_user_record' 无效。
2014-07-09 09:14:43.734 [http-8080-1] WARN  org.hibernate.engine.jdbc.spi.SqlExceptionHelper - SQL Error: 208, SQLState: S0002
2014-07-09 09:14:43.734 [http-8080-1] ERROR org.hibernate.engine.jdbc.spi.SqlExceptionHelper - 对象名 'vacation_user_record' 无效。
2014-07-09 09:14:46.465 [http-8080-9] WARN  org.hibernate.engine.jdbc.spi.SqlExceptionHelper - SQL Error: 208, SQLState: S0002
2014-07-09 09:14:46.465 [http-8080-9] ERROR org.hibernate.engine.jdbc.spi.SqlExceptionHelper - 对象名 'VACATION_TYPE' 无效。
2014-07-09 09:15:08.135 [http-8080-6] WARN  org.hibernate.engine.jdbc.spi.SqlExceptionHelper - SQL Error: 208, SQLState: S0002
2014-07-09 09:15:08.135 [http-8080-6] ERROR org.hibernate.engine.jdbc.spi.SqlExceptionHelper - 对象名 'MC_USERSYSMSG_T' 无效。
2014-07-09 09:15:08.151 [http-8080-6] WARN  org.hibernate.engine.jdbc.spi.SqlExceptionHelper - SQL Error: 208, SQLState: S0002
2014-07-09 09:15:08.151 [http-8080-6] ERROR org.hibernate.engine.jdbc.spi.SqlExceptionHelper - 对象名 'MC_USERSYSMSG_T' 无效。
2014-07-09 09:15:39.447 [http-8080-6] WARN  org.hibernate.engine.jdbc.spi.SqlExceptionHelper - SQL Error: 208, SQLState: S0002
2014-07-09 09:15:39.447 [http-8080-6] ERROR org.hibernate.engine.jdbc.spi.SqlExceptionHelper - 对象名 'MC_USERSYSMSG_T' 无效。
2014-07-09 09:15:39.462 [http-8080-6] WARN  org.hibernate.engine.jdbc.spi.SqlExceptionHelper - SQL Error: 208, SQLState: S0002
2014-07-09 09:15:39.462 [http-8080-6] ERROR org.hibernate.engine.jdbc.spi.SqlExceptionHelper - 对象名 'MC_USERSYSMSG_T' 无效。
2014-07-09 09:19:15.329 [main] WARN  org.hibernate.id.UUIDHexGenerator - HHH000409: Using org.hibernate.id.UUIDHexGenerator which does not generate IETF RFC 4122 compliant UUID values; consider using org.hibernate.id.UUIDGenerator instead
2014-07-09 09:19:16.267 [main] WARN  o.a.shiro.web.config.IniFilterChainResolverFactory - The [filters] section has been deprecated and will be removed in a future release!  Please move all object configuration (filters and all other objects) to the [main] section.
2014-07-09 09:19:36.834 [http-8080-3] WARN  org.hibernate.engine.jdbc.spi.SqlExceptionHelper - SQL Error: 208, SQLState: S0002
2014-07-09 09:19:36.834 [http-8080-3] ERROR org.hibernate.engine.jdbc.spi.SqlExceptionHelper - 对象名 'MC_USERSYSMSG_T' 无效。
2014-07-09 09:19:36.865 [http-8080-7] WARN  org.hibernate.engine.jdbc.spi.SqlExceptionHelper - SQL Error: 208, SQLState: S0002
2014-07-09 09:19:36.865 [http-8080-7] ERROR org.hibernate.engine.jdbc.spi.SqlExceptionHelper - 对象名 'MC_USERSYSMSG_T' 无效。
2014-07-09 09:19:42.560 [http-8080-8] WARN  org.hibernate.engine.jdbc.spi.SqlExceptionHelper - SQL Error: 208, SQLState: S0002
2014-07-09 09:19:42.560 [http-8080-8] ERROR org.hibernate.engine.jdbc.spi.SqlExceptionHelper - 对象名 'vacation_user_record' 无效。
2014-07-09 09:22:33.369 [http-8080-3] WARN  org.hibernate.engine.jdbc.spi.SqlExceptionHelper - SQL Error: 208, SQLState: S0002
2014-07-09 09:22:33.369 [http-8080-3] ERROR org.hibernate.engine.jdbc.spi.SqlExceptionHelper - 对象名 'MC_USERSYSMSG_T' 无效。
2014-07-09 09:22:33.385 [http-8080-7] WARN  org.hibernate.engine.jdbc.spi.SqlExceptionHelper - SQL Error: 208, SQLState: S0002
2014-07-09 09:22:33.385 [http-8080-7] ERROR org.hibernate.engine.jdbc.spi.SqlExceptionHelper - 对象名 'MC_USERSYSMSG_T' 无效。
2014-07-09 09:25:17.644 [main] WARN  org.hibernate.id.UUIDHexGenerator - HHH000409: Using org.hibernate.id.UUIDHexGenerator which does not generate IETF RFC 4122 compliant UUID values; consider using org.hibernate.id.UUIDGenerator instead
2014-07-09 09:25:18.566 [main] WARN  o.a.shiro.web.config.IniFilterChainResolverFactory - The [filters] section has been deprecated and will be removed in a future release!  Please move all object configuration (filters and all other objects) to the [main] section.
2014-07-09 09:25:37.026 [http-8080-5] WARN  org.hibernate.engine.jdbc.spi.SqlExceptionHelper - SQL Error: 208, SQLState: S0002
2014-07-09 09:25:37.026 [http-8080-5] ERROR org.hibernate.engine.jdbc.spi.SqlExceptionHelper - 对象名 'MC_USERSYSMSG_T' 无效。
2014-07-09 09:25:37.057 [http-8080-2] WARN  org.hibernate.engine.jdbc.spi.SqlExceptionHelper - SQL Error: 208, SQLState: S0002
2014-07-09 09:25:37.057 [http-8080-2] ERROR org.hibernate.engine.jdbc.spi.SqlExceptionHelper - 对象名 'MC_USERSYSMSG_T' 无效。
2014-07-09 09:25:38.743 [http-8080-5] WARN  org.hibernate.engine.jdbc.spi.SqlExceptionHelper - SQL Error: 208, SQLState: S0002
2014-07-09 09:25:38.743 [http-8080-5] ERROR org.hibernate.engine.jdbc.spi.SqlExceptionHelper - 对象名 'vacation_user_record' 无效。
2014-07-09 09:26:15.719 [main] WARN  org.hibernate.id.UUIDHexGenerator - HHH000409: Using org.hibernate.id.UUIDHexGenerator which does not generate IETF RFC 4122 compliant UUID values; consider using org.hibernate.id.UUIDGenerator instead
2014-07-09 09:26:16.563 [main] WARN  o.a.shiro.web.config.IniFilterChainResolverFactory - The [filters] section has been deprecated and will be removed in a future release!  Please move all object configuration (filters and all other objects) to the [main] section.
2014-07-09 09:26:28.517 [http-8080-5] WARN  org.hibernate.engine.jdbc.spi.SqlExceptionHelper - SQL Error: 208, SQLState: S0002
2014-07-09 09:26:28.517 [http-8080-5] ERROR org.hibernate.engine.jdbc.spi.SqlExceptionHelper - 对象名 'MC_USERSYSMSG_T' 无效。
2014-07-09 09:26:28.533 [http-8080-1] WARN  org.hibernate.engine.jdbc.spi.SqlExceptionHelper - SQL Error: 208, SQLState: S0002
2014-07-09 09:26:28.533 [http-8080-1] ERROR org.hibernate.engine.jdbc.spi.SqlExceptionHelper - 对象名 'MC_USERSYSMSG_T' 无效。
2014-07-09 09:26:29.657 [http-8080-6] WARN  org.hibernate.engine.jdbc.spi.SqlExceptionHelper - SQL Error: 208, SQLState: S0002
2014-07-09 09:26:29.657 [http-8080-6] ERROR org.hibernate.engine.jdbc.spi.SqlExceptionHelper - 对象名 'vacation_user_record' 无效。
2014-07-09 09:26:59.627 [http-8080-5] WARN  org.hibernate.engine.jdbc.spi.SqlExceptionHelper - SQL Error: 208, SQLState: S0002
2014-07-09 09:26:59.627 [http-8080-5] ERROR org.hibernate.engine.jdbc.spi.SqlExceptionHelper - 对象名 'MC_USERSYSMSG_T' 无效。
2014-07-09 09:26:59.658 [http-8080-6] WARN  org.hibernate.engine.jdbc.spi.SqlExceptionHelper - SQL Error: 208, SQLState: S0002
2014-07-09 09:26:59.659 [http-8080-6] ERROR org.hibernate.engine.jdbc.spi.SqlExceptionHelper - 对象名 'MC_USERSYSMSG_T' 无效。
2014-07-09 09:27:14.140 [ContainerBackgroundProcessor[StandardEngine[Catalina]]] WARN  org.hibernate.id.UUIDHexGenerator - HHH000409: Using org.hibernate.id.UUIDHexGenerator which does not generate IETF RFC 4122 compliant UUID values; consider using org.hibernate.id.UUIDGenerator instead
2014-07-09 09:27:15.046 [ContainerBackgroundProcessor[StandardEngine[Catalina]]] WARN  o.a.shiro.web.config.IniFilterChainResolverFactory - The [filters] section has been deprecated and will be removed in a future release!  Please move all object configuration (filters and all other objects) to the [main] section.
2014-07-09 09:27:30.804 [http-8080-4] WARN  org.hibernate.engine.jdbc.spi.SqlExceptionHelper - SQL Error: 208, SQLState: S0002
2014-07-09 09:27:30.804 [http-8080-4] ERROR org.hibernate.engine.jdbc.spi.SqlExceptionHelper - 对象名 'MC_USERSYSMSG_T' 无效。
2014-07-09 09:27:30.820 [http-8080-1] WARN  org.hibernate.engine.jdbc.spi.SqlExceptionHelper - SQL Error: 208, SQLState: S0002
2014-07-09 09:27:30.820 [http-8080-1] ERROR org.hibernate.engine.jdbc.spi.SqlExceptionHelper - 对象名 'MC_USERSYSMSG_T' 无效。
2014-07-09 09:28:01.866 [http-8080-4] WARN  org.hibernate.engine.jdbc.spi.SqlExceptionHelper - SQL Error: 208, SQLState: S0002
2014-07-09 09:28:01.866 [http-8080-4] ERROR org.hibernate.engine.jdbc.spi.SqlExceptionHelper - 对象名 'MC_USERSYSMSG_T' 无效。
2014-07-09 09:28:01.882 [http-8080-4] WARN  org.hibernate.engine.jdbc.spi.SqlExceptionHelper - SQL Error: 208, SQLState: S0002
2014-07-09 09:28:01.882 [http-8080-4] ERROR org.hibernate.engine.jdbc.spi.SqlExceptionHelper - 对象名 'MC_USERSYSMSG_T' 无效。
2014-07-09 09:29:19.712 [http-8080-3] WARN  org.hibernate.engine.jdbc.spi.SqlExceptionHelper - SQL Error: 208, SQLState: S0002
2014-07-09 09:29:19.712 [http-8080-3] ERROR org.hibernate.engine.jdbc.spi.SqlExceptionHelper - 对象名 'MC_USERSYSMSG_T' 无效。
2014-07-09 09:29:19.728 [http-8080-3] WARN  org.hibernate.engine.jdbc.spi.SqlExceptionHelper - SQL Error: 208, SQLState: S0002
2014-07-09 09:29:19.728 [http-8080-3] ERROR org.hibernate.engine.jdbc.spi.SqlExceptionHelper - 对象名 'MC_USERSYSMSG_T' 无效。
2014-07-09 09:29:31.135 [http-8080-6] WARN  org.hibernate.engine.jdbc.spi.SqlExceptionHelper - SQL Error: 208, SQLState: S0002
2014-07-09 09:29:31.135 [http-8080-6] ERROR org.hibernate.engine.jdbc.spi.SqlExceptionHelper - 对象名 'MC_USERSYSMSG_T' 无效。
2014-07-09 09:29:31.135 [http-8080-1] WARN  org.hibernate.engine.jdbc.spi.SqlExceptionHelper - SQL Error: 208, SQLState: S0002
2014-07-09 09:29:31.135 [http-8080-1] ERROR org.hibernate.engine.jdbc.spi.SqlExceptionHelper - 对象名 'MC_USERSYSMSG_T' 无效。
2014-07-09 09:29:32.617 [http-8080-4] WARN  org.hibernate.engine.jdbc.spi.SqlExceptionHelper - SQL Error: 208, SQLState: S0002
2014-07-09 09:29:32.617 [http-8080-4] ERROR org.hibernate.engine.jdbc.spi.SqlExceptionHelper - 对象名 'vacation_user_record' 无效。
2014-07-09 09:30:02.602 [http-8080-1] WARN  org.hibernate.engine.jdbc.spi.SqlExceptionHelper - SQL Error: 208, SQLState: S0002
2014-07-09 09:30:02.602 [http-8080-1] ERROR org.hibernate.engine.jdbc.spi.SqlExceptionHelper - 对象名 'MC_USERSYSMSG_T' 无效。
2014-07-09 09:30:02.617 [http-8080-1] WARN  org.hibernate.engine.jdbc.spi.SqlExceptionHelper - SQL Error: 208, SQLState: S0002
2014-07-09 09:30:02.617 [http-8080-1] ERROR org.hibernate.engine.jdbc.spi.SqlExceptionHelper - 对象名 'MC_USERSYSMSG_T' 无效。
2014-07-09 09:30:33.975 [http-8080-4] WARN  org.hibernate.engine.jdbc.spi.SqlExceptionHelper - SQL Error: 208, SQLState: S0002
2014-07-09 09:30:33.975 [http-8080-4] ERROR org.hibernate.engine.jdbc.spi.SqlExceptionHelper - 对象名 'MC_USERSYSMSG_T' 无效。
2014-07-09 09:30:33.991 [http-8080-1] WARN  org.hibernate.engine.jdbc.spi.SqlExceptionHelper - SQL Error: 208, SQLState: S0002
2014-07-09 09:30:33.991 [http-8080-1] ERROR org.hibernate.engine.jdbc.spi.SqlExceptionHelper - 对象名 'MC_USERSYSMSG_T' 无效。
2014-07-09 09:31:05.255 [http-8080-4] WARN  org.hibernate.engine.jdbc.spi.SqlExceptionHelper - SQL Error: 208, SQLState: S0002
2014-07-09 09:31:05.255 [http-8080-4] ERROR org.hibernate.engine.jdbc.spi.SqlExceptionHelper - 对象名 'MC_USERSYSMSG_T' 无效。
2014-07-09 09:31:05.271 [http-8080-4] WARN  org.hibernate.engine.jdbc.spi.SqlExceptionHelper - SQL Error: 208, SQLState: S0002
2014-07-09 09:31:05.271 [http-8080-4] ERROR org.hibernate.engine.jdbc.spi.SqlExceptionHelper - 对象名 'MC_USERSYSMSG_T' 无效。
2014-07-09 09:32:02.260 [http-8080-4] WARN  org.hibernate.engine.jdbc.spi.SqlExceptionHelper - SQL Error: 208, SQLState: S0002
2014-07-09 09:32:02.260 [http-8080-4] ERROR org.hibernate.engine.jdbc.spi.SqlExceptionHelper - 对象名 'MC_USERSYSMSG_T' 无效。
2014-07-09 09:32:02.291 [http-8080-4] WARN  org.hibernate.engine.jdbc.spi.SqlExceptionHelper - SQL Error: 208, SQLState: S0002
2014-07-09 09:32:02.291 [http-8080-4] ERROR org.hibernate.engine.jdbc.spi.SqlExceptionHelper - 对象名 'MC_USERSYSMSG_T' 无效。
2014-07-09 09:43:04.285 [main] WARN  org.hibernate.id.UUIDHexGenerator - HHH000409: Using org.hibernate.id.UUIDHexGenerator which does not generate IETF RFC 4122 compliant UUID values; consider using org.hibernate.id.UUIDGenerator instead
2014-07-09 09:43:05.239 [main] WARN  o.a.shiro.web.config.IniFilterChainResolverFactory - The [filters] section has been deprecated and will be removed in a future release!  Please move all object configuration (filters and all other objects) to the [main] section.
2014-07-09 09:43:13.434 [http-8080-5] WARN  org.hibernate.engine.jdbc.spi.SqlExceptionHelper - SQL Error: 208, SQLState: S0002
2014-07-09 09:43:13.434 [http-8080-5] ERROR org.hibernate.engine.jdbc.spi.SqlExceptionHelper - 对象名 'MC_USERSYSMSG_T' 无效。
2014-07-09 09:43:13.465 [http-8080-3] WARN  org.hibernate.engine.jdbc.spi.SqlExceptionHelper - SQL Error: 208, SQLState: S0002
2014-07-09 09:43:13.465 [http-8080-3] ERROR org.hibernate.engine.jdbc.spi.SqlExceptionHelper - 对象名 'MC_USERSYSMSG_T' 无效。
2014-07-09 09:43:14.480 [http-8080-7] WARN  org.hibernate.engine.jdbc.spi.SqlExceptionHelper - SQL Error: 208, SQLState: S0002
2014-07-09 09:43:14.480 [http-8080-7] ERROR org.hibernate.engine.jdbc.spi.SqlExceptionHelper - 对象名 'vacation_user_record' 无效。
2014-07-09 10:12:33.390 [main] WARN  org.hibernate.id.UUIDHexGenerator - HHH000409: Using org.hibernate.id.UUIDHexGenerator which does not generate IETF RFC 4122 compliant UUID values; consider using org.hibernate.id.UUIDGenerator instead
2014-07-09 10:12:34.328 [main] WARN  o.a.shiro.web.config.IniFilterChainResolverFactory - The [filters] section has been deprecated and will be removed in a future release!  Please move all object configuration (filters and all other objects) to the [main] section.
2014-07-09 10:12:48.248 [http-8080-3] WARN  org.hibernate.engine.jdbc.spi.SqlExceptionHelper - SQL Error: 208, SQLState: S0002
2014-07-09 10:12:48.248 [http-8080-3] ERROR org.hibernate.engine.jdbc.spi.SqlExceptionHelper - 对象名 'MC_USERSYSMSG_T' 无效。
2014-07-09 10:12:48.263 [http-8080-9] WARN  org.hibernate.engine.jdbc.spi.SqlExceptionHelper - SQL Error: 208, SQLState: S0002
2014-07-09 10:12:48.263 [http-8080-9] ERROR org.hibernate.engine.jdbc.spi.SqlExceptionHelper - 对象名 'MC_USERSYSMSG_T' 无效。
2014-07-09 10:12:49.871 [http-8080-2] WARN  org.hibernate.engine.jdbc.spi.SqlExceptionHelper - SQL Error: 208, SQLState: S0002
2014-07-09 10:12:49.871 [http-8080-2] ERROR org.hibernate.engine.jdbc.spi.SqlExceptionHelper - 对象名 'vacation_user_record' 无效。
2014-07-09 10:13:19.857 [http-8080-1] WARN  org.hibernate.engine.jdbc.spi.SqlExceptionHelper - SQL Error: 208, SQLState: S0002
2014-07-09 10:13:19.857 [http-8080-1] ERROR org.hibernate.engine.jdbc.spi.SqlExceptionHelper - 对象名 'MC_USERSYSMSG_T' 无效。
2014-07-09 10:13:19.889 [http-8080-2] WARN  org.hibernate.engine.jdbc.spi.SqlExceptionHelper - SQL Error: 208, SQLState: S0002
2014-07-09 10:13:19.889 [http-8080-2] ERROR org.hibernate.engine.jdbc.spi.SqlExceptionHelper - 对象名 'MC_USERSYSMSG_T' 无效。
2014-07-09 10:13:40.536 [main] WARN  org.hibernate.id.UUIDHexGenerator - HHH000409: Using org.hibernate.id.UUIDHexGenerator which does not generate IETF RFC 4122 compliant UUID values; consider using org.hibernate.id.UUIDGenerator instead
2014-07-09 10:13:41.303 [main] WARN  o.a.shiro.web.config.IniFilterChainResolverFactory - The [filters] section has been deprecated and will be removed in a future release!  Please move all object configuration (filters and all other objects) to the [main] section.
2014-07-09 10:13:57.016 [http-8080-7] WARN  org.hibernate.engine.jdbc.spi.SqlExceptionHelper - SQL Error: 208, SQLState: S0002
2014-07-09 10:13:57.016 [http-8080-7] ERROR org.hibernate.engine.jdbc.spi.SqlExceptionHelper - 对象名 'MC_USERSYSMSG_T' 无效。
2014-07-09 10:13:57.032 [http-8080-3] WARN  org.hibernate.engine.jdbc.spi.SqlExceptionHelper - SQL Error: 208, SQLState: S0002
2014-07-09 10:13:57.032 [http-8080-3] ERROR org.hibernate.engine.jdbc.spi.SqlExceptionHelper - 对象名 'MC_USERSYSMSG_T' 无效。
2014-07-09 10:13:58.093 [http-8080-6] WARN  org.hibernate.engine.jdbc.spi.SqlExceptionHelper - SQL Error: 208, SQLState: S0002
2014-07-09 10:13:58.093 [http-8080-6] ERROR org.hibernate.engine.jdbc.spi.SqlExceptionHelper - 对象名 'vacation_user_record' 无效。
2014-07-09 10:14:28.064 [http-8080-2] WARN  org.hibernate.engine.jdbc.spi.SqlExceptionHelper - SQL Error: 208, SQLState: S0002
2014-07-09 10:14:28.064 [http-8080-2] ERROR org.hibernate.engine.jdbc.spi.SqlExceptionHelper - 对象名 'MC_USERSYSMSG_T' 无效。
2014-07-09 10:14:28.080 [http-8080-10] WARN  org.hibernate.engine.jdbc.spi.SqlExceptionHelper - SQL Error: 208, SQLState: S0002
2014-07-09 10:14:28.080 [http-8080-10] ERROR org.hibernate.engine.jdbc.spi.SqlExceptionHelper - 对象名 'MC_USERSYSMSG_T' 无效。
2014-07-09 10:14:51.688 [main] WARN  org.hibernate.id.UUIDHexGenerator - HHH000409: Using org.hibernate.id.UUIDHexGenerator which does not generate IETF RFC 4122 compliant UUID values; consider using org.hibernate.id.UUIDGenerator instead
2014-07-09 10:14:52.641 [main] WARN  o.a.shiro.web.config.IniFilterChainResolverFactory - The [filters] section has been deprecated and will be removed in a future release!  Please move all object configuration (filters and all other objects) to the [main] section.
2014-07-09 10:15:03.239 [http-8080-8] WARN  org.hibernate.engine.jdbc.spi.SqlExceptionHelper - SQL Error: 208, SQLState: S0002
2014-07-09 10:15:03.239 [http-8080-8] ERROR org.hibernate.engine.jdbc.spi.SqlExceptionHelper - 对象名 'MC_USERSYSMSG_T' 无效。
2014-07-09 10:15:03.254 [http-8080-6] WARN  org.hibernate.engine.jdbc.spi.SqlExceptionHelper - SQL Error: 208, SQLState: S0002
2014-07-09 10:15:03.254 [http-8080-6] ERROR org.hibernate.engine.jdbc.spi.SqlExceptionHelper - 对象名 'MC_USERSYSMSG_T' 无效。
2014-07-09 10:15:05.018 [http-8080-1] WARN  org.hibernate.engine.jdbc.spi.SqlExceptionHelper - SQL Error: 208, SQLState: S0002
2014-07-09 10:15:05.018 [http-8080-1] ERROR org.hibernate.engine.jdbc.spi.SqlExceptionHelper - 对象名 'vacation_user_record' 无效。
2014-07-09 10:17:19.979 [main] WARN  org.hibernate.id.UUIDHexGenerator - HHH000409: Using org.hibernate.id.UUIDHexGenerator which does not generate IETF RFC 4122 compliant UUID values; consider using org.hibernate.id.UUIDGenerator instead
2014-07-09 10:17:20.917 [main] WARN  o.a.shiro.web.config.IniFilterChainResolverFactory - The [filters] section has been deprecated and will be removed in a future release!  Please move all object configuration (filters and all other objects) to the [main] section.
2014-07-09 10:17:33.246 [http-8080-1] WARN  org.hibernate.engine.jdbc.spi.SqlExceptionHelper - SQL Error: 208, SQLState: S0002
2014-07-09 10:17:33.246 [http-8080-1] ERROR org.hibernate.engine.jdbc.spi.SqlExceptionHelper - 对象名 'MC_USERSYSMSG_T' 无效。
2014-07-09 10:17:33.261 [http-8080-5] WARN  org.hibernate.engine.jdbc.spi.SqlExceptionHelper - SQL Error: 208, SQLState: S0002
2014-07-09 10:17:33.261 [http-8080-5] ERROR org.hibernate.engine.jdbc.spi.SqlExceptionHelper - 对象名 'MC_USERSYSMSG_T' 无效。
2014-07-09 10:17:36.008 [http-8080-6] WARN  org.hibernate.engine.jdbc.spi.SqlExceptionHelper - SQL Error: 208, SQLState: S0002
2014-07-09 10:17:36.008 [http-8080-6] ERROR org.hibernate.engine.jdbc.spi.SqlExceptionHelper - 对象名 'vacation_user_record' 无效。
2014-07-09 10:17:49.647 [http-8080-10] WARN  org.hibernate.engine.jdbc.spi.SqlExceptionHelper - SQL Error: 208, SQLState: S0002
2014-07-09 10:17:49.647 [http-8080-10] ERROR org.hibernate.engine.jdbc.spi.SqlExceptionHelper - 对象名 'MC_USERSYSMSG_T' 无效。
2014-07-09 10:17:49.662 [http-8080-9] WARN  org.hibernate.engine.jdbc.spi.SqlExceptionHelper - SQL Error: 208, SQLState: S0002
2014-07-09 10:17:49.662 [http-8080-9] ERROR org.hibernate.engine.jdbc.spi.SqlExceptionHelper - 对象名 'MC_USERSYSMSG_T' 无效。
2014-07-09 10:17:50.661 [http-8080-6] WARN  org.hibernate.engine.jdbc.spi.SqlExceptionHelper - SQL Error: 208, SQLState: S0002
2014-07-09 10:17:50.661 [http-8080-6] ERROR org.hibernate.engine.jdbc.spi.SqlExceptionHelper - 对象名 'vacation_user_record' 无效。
2014-07-09 10:18:20.677 [http-8080-1] WARN  org.hibernate.engine.jdbc.spi.SqlExceptionHelper - SQL Error: 208, SQLState: S0002
2014-07-09 10:18:20.677 [http-8080-1] ERROR org.hibernate.engine.jdbc.spi.SqlExceptionHelper - 对象名 'MC_USERSYSMSG_T' 无效。
2014-07-09 10:18:20.693 [http-8080-1] WARN  org.hibernate.engine.jdbc.spi.SqlExceptionHelper - SQL Error: 208, SQLState: S0002
2014-07-09 10:18:20.693 [http-8080-1] ERROR org.hibernate.engine.jdbc.spi.SqlExceptionHelper - 对象名 'MC_USERSYSMSG_T' 无效。
2014-07-09 10:18:52.581 [http-8080-1] WARN  org.hibernate.engine.jdbc.spi.SqlExceptionHelper - SQL Error: 208, SQLState: S0002
2014-07-09 10:18:52.581 [http-8080-1] ERROR org.hibernate.engine.jdbc.spi.SqlExceptionHelper - 对象名 'MC_USERSYSMSG_T' 无效。
2014-07-09 10:18:52.597 [http-8080-1] WARN  org.hibernate.engine.jdbc.spi.SqlExceptionHelper - SQL Error: 208, SQLState: S0002
2014-07-09 10:18:52.597 [http-8080-1] ERROR org.hibernate.engine.jdbc.spi.SqlExceptionHelper - 对象名 'MC_USERSYSMSG_T' 无效。
2014-07-09 10:20:24.064 [http-8080-2] WARN  org.hibernate.engine.jdbc.spi.SqlExceptionHelper - SQL Error: 208, SQLState: S0002
2014-07-09 10:20:24.064 [http-8080-2] ERROR org.hibernate.engine.jdbc.spi.SqlExceptionHelper - 对象名 'MC_USERSYSMSG_T' 无效。
2014-07-09 10:20:24.079 [http-8080-10] WARN  org.hibernate.engine.jdbc.spi.SqlExceptionHelper - SQL Error: 208, SQLState: S0002
2014-07-09 10:20:24.079 [http-8080-10] ERROR org.hibernate.engine.jdbc.spi.SqlExceptionHelper - 对象名 'MC_USERSYSMSG_T' 无效。
2014-07-09 10:20:25.265 [http-8080-9] WARN  org.hibernate.engine.jdbc.spi.SqlExceptionHelper - SQL Error: 208, SQLState: S0002
2014-07-09 10:20:25.265 [http-8080-9] ERROR org.hibernate.engine.jdbc.spi.SqlExceptionHelper - 对象名 'vacation_user_record' 无效。
2014-07-09 10:20:55.265 [http-8080-3] WARN  org.hibernate.engine.jdbc.spi.SqlExceptionHelper - SQL Error: 208, SQLState: S0002
2014-07-09 10:20:55.265 [http-8080-3] ERROR org.hibernate.engine.jdbc.spi.SqlExceptionHelper - 对象名 'MC_USERSYSMSG_T' 无效。
2014-07-09 10:20:55.280 [http-8080-3] WARN  org.hibernate.engine.jdbc.spi.SqlExceptionHelper - SQL Error: 208, SQLState: S0002
2014-07-09 10:20:55.280 [http-8080-3] ERROR org.hibernate.engine.jdbc.spi.SqlExceptionHelper - 对象名 'MC_USERSYSMSG_T' 无效。
2014-07-09 10:21:50.618 [http-8080-6] WARN  org.hibernate.engine.jdbc.spi.SqlExceptionHelper - SQL Error: 208, SQLState: S0002
2014-07-09 10:21:50.618 [http-8080-6] ERROR org.hibernate.engine.jdbc.spi.SqlExceptionHelper - 对象名 'MC_USERSYSMSG_T' 无效。
2014-07-09 10:21:50.618 [http-8080-2] WARN  org.hibernate.engine.jdbc.spi.SqlExceptionHelper - SQL Error: 208, SQLState: S0002
2014-07-09 10:21:50.618 [http-8080-2] ERROR org.hibernate.engine.jdbc.spi.SqlExceptionHelper - 对象名 'MC_USERSYSMSG_T' 无效。
2014-07-09 10:21:52.304 [http-8080-1] WARN  org.hibernate.engine.jdbc.spi.SqlExceptionHelper - SQL Error: 208, SQLState: S0002
2014-07-09 10:21:52.304 [http-8080-1] ERROR org.hibernate.engine.jdbc.spi.SqlExceptionHelper - 对象名 'MC_USERSYSMSG_T' 无效。
2014-07-09 10:21:52.320 [http-8080-4] WARN  org.hibernate.engine.jdbc.spi.SqlExceptionHelper - SQL Error: 208, SQLState: S0002
2014-07-09 10:21:52.320 [http-8080-4] ERROR org.hibernate.engine.jdbc.spi.SqlExceptionHelper - 对象名 'MC_USERSYSMSG_T' 无效。
2014-07-09 10:21:54.054 [http-8080-2] WARN  org.hibernate.engine.jdbc.spi.SqlExceptionHelper - SQL Error: 208, SQLState: S0002
2014-07-09 10:21:54.054 [http-8080-2] ERROR org.hibernate.engine.jdbc.spi.SqlExceptionHelper - 对象名 'MC_USERSYSMSG_T' 无效。
2014-07-09 10:21:54.069 [http-8080-10] WARN  org.hibernate.engine.jdbc.spi.SqlExceptionHelper - SQL Error: 208, SQLState: S0002
2014-07-09 10:21:54.069 [http-8080-10] ERROR org.hibernate.engine.jdbc.spi.SqlExceptionHelper - 对象名 'MC_USERSYSMSG_T' 无效。
2014-07-09 10:21:55.694 [http-8080-2] WARN  org.hibernate.engine.jdbc.spi.SqlExceptionHelper - SQL Error: 208, SQLState: S0002
2014-07-09 10:21:55.694 [http-8080-2] ERROR org.hibernate.engine.jdbc.spi.SqlExceptionHelper - 对象名 'MC_USERSYSMSG_T' 无效。
2014-07-09 10:21:55.709 [http-8080-5] WARN  org.hibernate.engine.jdbc.spi.SqlExceptionHelper - SQL Error: 208, SQLState: S0002
2014-07-09 10:21:55.709 [http-8080-5] ERROR org.hibernate.engine.jdbc.spi.SqlExceptionHelper - 对象名 'MC_USERSYSMSG_T' 无效。
2014-07-09 10:21:56.944 [http-8080-7] WARN  org.hibernate.engine.jdbc.spi.SqlExceptionHelper - SQL Error: 208, SQLState: S0002
2014-07-09 10:21:56.944 [http-8080-7] ERROR org.hibernate.engine.jdbc.spi.SqlExceptionHelper - 对象名 'MC_USERSYSMSG_T' 无效。
2014-07-09 10:21:56.959 [http-8080-6] WARN  org.hibernate.engine.jdbc.spi.SqlExceptionHelper - SQL Error: 208, SQLState: S0002
2014-07-09 10:21:56.959 [http-8080-6] ERROR org.hibernate.engine.jdbc.spi.SqlExceptionHelper - 对象名 'MC_USERSYSMSG_T' 无效。
2014-07-09 10:21:58.615 [http-8080-5] WARN  org.hibernate.engine.jdbc.spi.SqlExceptionHelper - SQL Error: 208, SQLState: S0002
2014-07-09 10:21:58.615 [http-8080-5] ERROR org.hibernate.engine.jdbc.spi.SqlExceptionHelper - 对象名 'MC_USERSYSMSG_T' 无效。
2014-07-09 10:21:58.630 [http-8080-6] WARN  org.hibernate.engine.jdbc.spi.SqlExceptionHelper - SQL Error: 208, SQLState: S0002
2014-07-09 10:21:58.630 [http-8080-6] ERROR org.hibernate.engine.jdbc.spi.SqlExceptionHelper - 对象名 'MC_USERSYSMSG_T' 无效。
2014-07-09 10:22:44.777 [http-8080-10] WARN  org.hibernate.engine.jdbc.spi.SqlExceptionHelper - SQL Error: 208, SQLState: S0002
2014-07-09 10:22:44.777 [http-8080-10] ERROR org.hibernate.engine.jdbc.spi.SqlExceptionHelper - 对象名 'MC_USERSYSMSG_T' 无效。
2014-07-09 10:22:44.777 [http-8080-6] WARN  org.hibernate.engine.jdbc.spi.SqlExceptionHelper - SQL Error: 208, SQLState: S0002
2014-07-09 10:22:44.777 [http-8080-6] ERROR org.hibernate.engine.jdbc.spi.SqlExceptionHelper - 对象名 'MC_USERSYSMSG_T' 无效。
2014-07-09 10:23:09.396 [http-8080-3] WARN  org.hibernate.engine.jdbc.spi.SqlExceptionHelper - SQL Error: 208, SQLState: S0002
2014-07-09 10:23:09.396 [http-8080-3] ERROR org.hibernate.engine.jdbc.spi.SqlExceptionHelper - 对象名 'MC_USERSYSMSG_T' 无效。
2014-07-09 10:23:09.396 [http-8080-2] WARN  org.hibernate.engine.jdbc.spi.SqlExceptionHelper - SQL Error: 208, SQLState: S0002
2014-07-09 10:23:09.396 [http-8080-2] ERROR org.hibernate.engine.jdbc.spi.SqlExceptionHelper - 对象名 'MC_USERSYSMSG_T' 无效。
2014-07-09 10:23:40.518 [http-8080-3] WARN  org.hibernate.engine.jdbc.spi.SqlExceptionHelper - SQL Error: 208, SQLState: S0002
2014-07-09 10:23:40.518 [http-8080-3] ERROR org.hibernate.engine.jdbc.spi.SqlExceptionHelper - 对象名 'MC_USERSYSMSG_T' 无效。
2014-07-09 10:23:40.534 [http-8080-3] WARN  org.hibernate.engine.jdbc.spi.SqlExceptionHelper - SQL Error: 208, SQLState: S0002
2014-07-09 10:23:40.534 [http-8080-3] ERROR org.hibernate.engine.jdbc.spi.SqlExceptionHelper - 对象名 'MC_USERSYSMSG_T' 无效。
2014-07-09 10:25:06.978 [main] WARN  org.hibernate.id.UUIDHexGenerator - HHH000409: Using org.hibernate.id.UUIDHexGenerator which does not generate IETF RFC 4122 compliant UUID values; consider using org.hibernate.id.UUIDGenerator instead
2014-07-09 10:25:07.745 [main] WARN  o.a.shiro.web.config.IniFilterChainResolverFactory - The [filters] section has been deprecated and will be removed in a future release!  Please move all object configuration (filters and all other objects) to the [main] section.
2014-07-09 10:25:17.015 [http-8080-2] WARN  org.hibernate.engine.jdbc.spi.SqlExceptionHelper - SQL Error: 208, SQLState: S0002
2014-07-09 10:25:17.015 [http-8080-2] ERROR org.hibernate.engine.jdbc.spi.SqlExceptionHelper - 对象名 'MC_USERSYSMSG_T' 无效。
2014-07-09 10:25:17.031 [http-8080-10] WARN  org.hibernate.engine.jdbc.spi.SqlExceptionHelper - SQL Error: 208, SQLState: S0002
2014-07-09 10:25:17.031 [http-8080-10] ERROR org.hibernate.engine.jdbc.spi.SqlExceptionHelper - 对象名 'MC_USERSYSMSG_T' 无效。
2014-07-09 10:27:16.484 [ContainerBackgroundProcessor[StandardEngine[Catalina]]] WARN  org.hibernate.id.UUIDHexGenerator - HHH000409: Using org.hibernate.id.UUIDHexGenerator which does not generate IETF RFC 4122 compliant UUID values; consider using org.hibernate.id.UUIDGenerator instead
2014-07-09 10:27:17.360 [ContainerBackgroundProcessor[StandardEngine[Catalina]]] WARN  o.a.shiro.web.config.IniFilterChainResolverFactory - The [filters] section has been deprecated and will be removed in a future release!  Please move all object configuration (filters and all other objects) to the [main] section.
2014-07-09 10:29:12.304 [main] WARN  org.hibernate.id.UUIDHexGenerator - HHH000409: Using org.hibernate.id.UUIDHexGenerator which does not generate IETF RFC 4122 compliant UUID values; consider using org.hibernate.id.UUIDGenerator instead
2014-07-09 10:29:13.133 [main] WARN  o.a.shiro.web.config.IniFilterChainResolverFactory - The [filters] section has been deprecated and will be removed in a future release!  Please move all object configuration (filters and all other objects) to the [main] section.
2014-07-09 10:32:43.160 [main] WARN  o.a.shiro.web.config.IniFilterChainResolverFactory - The [filters] section has been deprecated and will be removed in a future release!  Please move all object configuration (filters and all other objects) to the [main] section.
2014-07-09 10:42:54.908 [main] WARN  o.a.shiro.web.config.IniFilterChainResolverFactory - The [filters] section has been deprecated and will be removed in a future release!  Please move all object configuration (filters and all other objects) to the [main] section.
2014-07-09 10:46:10.950 [main] WARN  o.a.shiro.web.config.IniFilterChainResolverFactory - The [filters] section has been deprecated and will be removed in a future release!  Please move all object configuration (filters and all other objects) to the [main] section.
2014-07-09 10:59:01.974 [http-8080-6] INFO  com.xjj.framework.audit.HibernateIntercept - com.xjj.framework.audit.OperatedTable@1a18d1c[entityName=ZGroup,tableName=z_group,tableComment=z_group,operatorId=123456,operatorName=操作人,optype=修改,opdate=Wed Jul 09 10:59:01 CST 2014,jsonField=[{"field":"remark","column":"remark","comment":"remark","preValue":"","value":"null"},{"field":"typeId","column":"typeId","comment":"typeId","preValue":"","value":"406ff84b-6d26-4b8f-866d-390ba20fe8ab"},{"field":"groupName","column":"groupName","comment":"groupName","preValue":"","value":"厅长"}]]
2014-07-09 11:02:47.624 [main] WARN  o.a.shiro.web.config.IniFilterChainResolverFactory - The [filters] section has been deprecated and will be removed in a future release!  Please move all object configuration (filters and all other objects) to the [main] section.
2014-07-09 11:10:45.031 [ContainerBackgroundProcessor[StandardEngine[Catalina]]] WARN  o.a.shiro.web.config.IniFilterChainResolverFactory - The [filters] section has been deprecated and will be removed in a future release!  Please move all object configuration (filters and all other objects) to the [main] section.
2014-07-09 11:25:14.597 [main] WARN  o.a.shiro.web.config.IniFilterChainResolverFactory - The [filters] section has been deprecated and will be removed in a future release!  Please move all object configuration (filters and all other objects) to the [main] section.
2014-07-09 11:42:01.137 [main] ERROR org.apache.shiro.web.env.EnvironmentLoader - Shiro environment initialization failed
org.apache.shiro.config.ConfigurationException: Unable to instantiate class [com.xjj._extensions.shiro.ZuserShiroRealm] for object named 'myRealm'.  Please ensure you've specified the fully qualified class name correctly.
	at org.apache.shiro.config.ReflectionBuilder.createNewInstance(ReflectionBuilder.java:151) ~[shiro-all-1.2.2.jar:1.2.2]
	at org.apache.shiro.config.ReflectionBuilder.buildObjects(ReflectionBuilder.java:119) ~[shiro-all-1.2.2.jar:1.2.2]
	at org.apache.shiro.config.IniSecurityManagerFactory.buildInstances(IniSecurityManagerFactory.java:161) ~[shiro-all-1.2.2.jar:1.2.2]
	at org.apache.shiro.config.IniSecurityManagerFactory.createSecurityManager(IniSecurityManagerFactory.java:124) ~[shiro-all-1.2.2.jar:1.2.2]
	at org.apache.shiro.config.IniSecurityManagerFactory.createSecurityManager(IniSecurityManagerFactory.java:102) ~[shiro-all-1.2.2.jar:1.2.2]
	at org.apache.shiro.config.IniSecurityManagerFactory.createInstance(IniSecurityManagerFactory.java:88) ~[shiro-all-1.2.2.jar:1.2.2]
	at org.apache.shiro.config.IniSecurityManagerFactory.createInstance(IniSecurityManagerFactory.java:46) ~[shiro-all-1.2.2.jar:1.2.2]
	at org.apache.shiro.config.IniFactorySupport.createInstance(IniFactorySupport.java:123) ~[shiro-all-1.2.2.jar:1.2.2]
	at org.apache.shiro.util.AbstractFactory.getInstance(AbstractFactory.java:47) ~[shiro-all-1.2.2.jar:1.2.2]
	at org.apache.shiro.web.env.IniWebEnvironment.createWebSecurityManager(IniWebEnvironment.java:203) ~[shiro-all-1.2.2.jar:1.2.2]
	at org.apache.shiro.web.env.IniWebEnvironment.configure(IniWebEnvironment.java:99) ~[shiro-all-1.2.2.jar:1.2.2]
	at org.apache.shiro.web.env.IniWebEnvironment.init(IniWebEnvironment.java:92) ~[shiro-all-1.2.2.jar:1.2.2]
	at org.apache.shiro.util.LifecycleUtils.init(LifecycleUtils.java:45) ~[shiro-all-1.2.2.jar:1.2.2]
	at org.apache.shiro.util.LifecycleUtils.init(LifecycleUtils.java:40) ~[shiro-all-1.2.2.jar:1.2.2]
	at org.apache.shiro.web.env.EnvironmentLoader.createEnvironment(EnvironmentLoader.java:221) ~[shiro-all-1.2.2.jar:1.2.2]
	at org.apache.shiro.web.env.EnvironmentLoader.initEnvironment(EnvironmentLoader.java:133) ~[shiro-all-1.2.2.jar:1.2.2]
	at org.apache.shiro.web.env.EnvironmentLoaderListener.contextInitialized(EnvironmentLoaderListener.java:58) [shiro-all-1.2.2.jar:1.2.2]
	at org.apache.catalina.core.StandardContext.listenerStart(StandardContext.java:4205) [catalina.jar:6.0.32]
	at org.apache.catalina.core.StandardContext.start(StandardContext.java:4704) [catalina.jar:6.0.32]
	at org.apache.catalina.core.ContainerBase.start(ContainerBase.java:1053) [catalina.jar:6.0.32]
	at org.apache.catalina.core.StandardHost.start(StandardHost.java:840) [catalina.jar:6.0.32]
	at org.apache.catalina.core.ContainerBase.start(ContainerBase.java:1053) [catalina.jar:6.0.32]
	at org.apache.catalina.core.StandardEngine.start(StandardEngine.java:463) [catalina.jar:6.0.32]
	at org.apache.catalina.core.StandardService.start(StandardService.java:525) [catalina.jar:6.0.32]
	at org.apache.catalina.core.StandardServer.start(StandardServer.java:754) [catalina.jar:6.0.32]
	at org.apache.catalina.startup.Catalina.start(Catalina.java:595) [catalina.jar:6.0.32]
	at sun.reflect.NativeMethodAccessorImpl.invoke0(Native Method) ~[na:1.7.0_05]
	at sun.reflect.NativeMethodAccessorImpl.invoke(NativeMethodAccessorImpl.java:57) ~[na:1.7.0_05]
	at sun.reflect.DelegatingMethodAccessorImpl.invoke(DelegatingMethodAccessorImpl.java:43) ~[na:1.7.0_05]
	at java.lang.reflect.Method.invoke(Method.java:601) ~[na:1.7.0_05]
	at org.apache.catalina.startup.Bootstrap.start(Bootstrap.java:289) [bootstrap.jar:6.0.32]
	at org.apache.catalina.startup.Bootstrap.main(Bootstrap.java:414) [bootstrap.jar:6.0.32]
Caused by: org.apache.shiro.util.InstantiationException: Unable to instantiate class [com.xjj._extensions.shiro.ZuserShiroRealm]
	at org.apache.shiro.util.ClassUtils.newInstance(ClassUtils.java:179) ~[shiro-all-1.2.2.jar:1.2.2]
	at org.apache.shiro.util.ClassUtils.newInstance(ClassUtils.java:164) ~[shiro-all-1.2.2.jar:1.2.2]
	at org.apache.shiro.config.ReflectionBuilder.createNewInstance(ReflectionBuilder.java:144) ~[shiro-all-1.2.2.jar:1.2.2]
	... 31 common frames omitted
Caused by: org.springframework.beans.factory.BeanCreationException: Error creating bean with name 'ZuserService': Injection of autowired dependencies failed; nested exception is org.springframework.beans.factory.BeanCreationException: Could not autowire field: private com.xjj._extensions.roleUserPer.dao.IZuserDao com.xjj._extensions.roleUserPer.service.impl.ZuserService.dao; nested exception is org.springframework.beans.factory.CannotLoadBeanClassException: Cannot find class [com.alibaba.druid.pool.DruidDataSource] for bean with name 'dataSource' defined in class path resource [spring-config.xml]; nested exception is java.lang.ClassNotFoundException: com.alibaba.druid.pool.DruidDataSource
	at org.springframework.beans.factory.annotation.AutowiredAnnotationBeanPostProcessor.postProcessPropertyValues(AutowiredAnnotationBeanPostProcessor.java:288) ~[spring-beans-3.2.4.RELEASE.jar:3.2.4.RELEASE]
	at org.springframework.beans.factory.support.AbstractAutowireCapableBeanFactory.populateBean(AbstractAutowireCapableBeanFactory.java:1116) ~[spring-beans-3.2.4.RELEASE.jar:3.2.4.RELEASE]
	at org.springframework.beans.factory.support.AbstractAutowireCapableBeanFactory.doCreateBean(AbstractAutowireCapableBeanFactory.java:519) ~[spring-beans-3.2.4.RELEASE.jar:3.2.4.RELEASE]
	at org.springframework.beans.factory.support.AbstractAutowireCapableBeanFactory.createBean(AbstractAutowireCapableBeanFactory.java:458) ~[spring-beans-3.2.4.RELEASE.jar:3.2.4.RELEASE]
	at org.springframework.beans.factory.support.AbstractBeanFactory$1.getObject(AbstractBeanFactory.java:295) ~[spring-beans-3.2.4.RELEASE.jar:3.2.4.RELEASE]
	at org.springframework.beans.factory.support.DefaultSingletonBeanRegistry.getSingleton(DefaultSingletonBeanRegistry.java:223) ~[spring-beans-3.2.4.RELEASE.jar:3.2.4.RELEASE]
	at org.springframework.beans.factory.support.AbstractBeanFactory.doGetBean(AbstractBeanFactory.java:292) ~[spring-beans-3.2.4.RELEASE.jar:3.2.4.RELEASE]
	at org.springframework.beans.factory.support.AbstractBeanFactory.getBean(AbstractBeanFactory.java:194) ~[spring-beans-3.2.4.RELEASE.jar:3.2.4.RELEASE]
	at org.springframework.context.support.AbstractApplicationContext.getBean(AbstractApplicationContext.java:1117) ~[spring-context-3.2.4.RELEASE.jar:3.2.4.RELEASE]
	at com.xjj.framework.core.util.SpringContextUtil.getBean(SpringContextUtil.java:56) ~[xjj-mt-framework.jar:na]
	at com.xjj._extensions.shiro.ZuserShiroRealm.<init>(ZuserShiroRealm.java:28) ~[ZuserShiroRealm.class:na]
	at sun.reflect.NativeConstructorAccessorImpl.newInstance0(Native Method) ~[na:1.7.0_05]
	at sun.reflect.NativeConstructorAccessorImpl.newInstance(NativeConstructorAccessorImpl.java:57) ~[na:1.7.0_05]
	at sun.reflect.DelegatingConstructorAccessorImpl.newInstance(DelegatingConstructorAccessorImpl.java:45) ~[na:1.7.0_05]
	at java.lang.reflect.Constructor.newInstance(Constructor.java:525) ~[na:1.7.0_05]
	at java.lang.Class.newInstance0(Class.java:372) ~[na:1.7.0_05]
	at java.lang.Class.newInstance(Class.java:325) ~[na:1.7.0_05]
	at org.apache.shiro.util.ClassUtils.newInstance(ClassUtils.java:177) ~[shiro-all-1.2.2.jar:1.2.2]
	... 33 common frames omitted
Caused by: org.springframework.beans.factory.BeanCreationException: Could not autowire field: private com.xjj._extensions.roleUserPer.dao.IZuserDao com.xjj._extensions.roleUserPer.service.impl.ZuserService.dao; nested exception is org.springframework.beans.factory.CannotLoadBeanClassException: Cannot find class [com.alibaba.druid.pool.DruidDataSource] for bean with name 'dataSource' defined in class path resource [spring-config.xml]; nested exception is java.lang.ClassNotFoundException: com.alibaba.druid.pool.DruidDataSource
	at org.springframework.beans.factory.annotation.AutowiredAnnotationBeanPostProcessor$AutowiredFieldElement.inject(AutowiredAnnotationBeanPostProcessor.java:514) ~[spring-beans-3.2.4.RELEASE.jar:3.2.4.RELEASE]
	at org.springframework.beans.factory.annotation.InjectionMetadata.inject(InjectionMetadata.java:87) ~[spring-beans-3.2.4.RELEASE.jar:3.2.4.RELEASE]
	at org.springframework.beans.factory.annotation.AutowiredAnnotationBeanPostProcessor.postProcessPropertyValues(AutowiredAnnotationBeanPostProcessor.java:285) ~[spring-beans-3.2.4.RELEASE.jar:3.2.4.RELEASE]
	... 50 common frames omitted
Caused by: org.springframework.beans.factory.CannotLoadBeanClassException: Cannot find class [com.alibaba.druid.pool.DruidDataSource] for bean with name 'dataSource' defined in class path resource [spring-config.xml]; nested exception is java.lang.ClassNotFoundException: com.alibaba.druid.pool.DruidDataSource
	at org.springframework.beans.factory.support.AbstractBeanFactory.resolveBeanClass(AbstractBeanFactory.java:1275) ~[spring-beans-3.2.4.RELEASE.jar:3.2.4.RELEASE]
	at org.springframework.beans.factory.support.AbstractAutowireCapableBeanFactory.predictBeanType(AbstractAutowireCapableBeanFactory.java:575) ~[spring-beans-3.2.4.RELEASE.jar:3.2.4.RELEASE]
	at org.springframework.beans.factory.support.AbstractBeanFactory.isFactoryBean(AbstractBeanFactory.java:1344) ~[spring-beans-3.2.4.RELEASE.jar:3.2.4.RELEASE]
	at org.springframework.beans.factory.support.DefaultListableBeanFactory.doGetBeanNamesForType(DefaultListableBeanFactory.java:355) ~[spring-beans-3.2.4.RELEASE.jar:3.2.4.RELEASE]
	at org.springframework.beans.factory.support.DefaultListableBeanFactory.getBeanNamesForType(DefaultListableBeanFactory.java:334) ~[spring-beans-3.2.4.RELEASE.jar:3.2.4.RELEASE]
	at org.springframework.beans.factory.BeanFactoryUtils.beanNamesForTypeIncludingAncestors(BeanFactoryUtils.java:187) ~[spring-beans-3.2.4.RELEASE.jar:3.2.4.RELEASE]
	at org.springframework.beans.factory.support.DefaultListableBeanFactory.findAutowireCandidates(DefaultListableBeanFactory.java:897) ~[spring-beans-3.2.4.RELEASE.jar:3.2.4.RELEASE]
	at org.springframework.beans.factory.support.DefaultListableBeanFactory.doResolveDependency(DefaultListableBeanFactory.java:855) ~[spring-beans-3.2.4.RELEASE.jar:3.2.4.RELEASE]
	at org.springframework.beans.factory.support.DefaultListableBeanFactory.resolveDependency(DefaultListableBeanFactory.java:770) ~[spring-beans-3.2.4.RELEASE.jar:3.2.4.RELEASE]
	at org.springframework.beans.factory.annotation.AutowiredAnnotationBeanPostProcessor$AutowiredFieldElement.inject(AutowiredAnnotationBeanPostProcessor.java:486) ~[spring-beans-3.2.4.RELEASE.jar:3.2.4.RELEASE]
	... 52 common frames omitted
Caused by: java.lang.ClassNotFoundException: com.alibaba.druid.pool.DruidDataSource
	at org.apache.catalina.loader.WebappClassLoader.loadClass(WebappClassLoader.java:1680) ~[catalina.jar:6.0.32]
	at org.apache.catalina.loader.WebappClassLoader.loadClass(WebappClassLoader.java:1526) ~[catalina.jar:6.0.32]
	at org.springframework.util.ClassUtils.forName(ClassUtils.java:260) ~[spring-core-3.2.4.RELEASE.jar:3.2.4.RELEASE]
	at org.springframework.beans.factory.support.AbstractBeanDefinition.resolveBeanClass(AbstractBeanDefinition.java:416) ~[spring-beans-3.2.4.RELEASE.jar:3.2.4.RELEASE]
	at org.springframework.beans.factory.support.AbstractBeanFactory.doResolveBeanClass(AbstractBeanFactory.java:1296) ~[spring-beans-3.2.4.RELEASE.jar:3.2.4.RELEASE]
	at org.springframework.beans.factory.support.AbstractBeanFactory.resolveBeanClass(AbstractBeanFactory.java:1267) ~[spring-beans-3.2.4.RELEASE.jar:3.2.4.RELEASE]
	... 61 common frames omitted
2014-07-09 11:43:04.400 [main] WARN  o.a.shiro.web.config.IniFilterChainResolverFactory - The [filters] section has been deprecated and will be removed in a future release!  Please move all object configuration (filters and all other objects) to the [main] section.
2014-07-09 11:45:41.023 [main] WARN  o.a.shiro.web.config.IniFilterChainResolverFactory - The [filters] section has been deprecated and will be removed in a future release!  Please move all object configuration (filters and all other objects) to the [main] section.
2014-07-09 11:46:56.477 [ContainerBackgroundProcessor[StandardEngine[Catalina]]] WARN  o.a.shiro.web.config.IniFilterChainResolverFactory - The [filters] section has been deprecated and will be removed in a future release!  Please move all object configuration (filters and all other objects) to the [main] section.
2014-07-09 11:48:50.339 [main] WARN  o.a.shiro.web.config.IniFilterChainResolverFactory - The [filters] section has been deprecated and will be removed in a future release!  Please move all object configuration (filters and all other objects) to the [main] section.
